TN:
SF:/Users/psimonia/gworkspace/common-ui-components/react/src/index.js
FNF:0
FNH:0
DA:1,0
DA:2,0
LF:2
LH:0
BRF:0
BRH:0
end_of_record
TN:
SF:/Users/psimonia/gworkspace/common-ui-components/react/src/setupTests.js
FNF:0
FNH:0
LF:0
LH:0
BRF:0
BRH:0
end_of_record
TN:
SF:/Users/psimonia/gworkspace/common-ui-components/react/src/components/Hexgrid/Hexgrid.js
FN:14,(anonymous_0)
FN:16,(anonymous_1)
FNF:2
FNH:2
FNDA:1,(anonymous_0)
FNDA:5,(anonymous_1)
DA:16,1
DA:17,5
DA:20,1
LF:3
LH:3
BRF:0
BRH:0
end_of_record
TN:
SF:/Users/psimonia/gworkspace/common-ui-components/react/src/components/Hexgrid/Hex/Hex.js
FN:4,(anonymous_0)
FNF:1
FNH:1
FNDA:1,(anonymous_0)
DA:4,2
DA:6,2
DA:10,2
LF:3
LH:3
BRF:0
BRH:0
end_of_record
